


ARM Macro Assembler    Page 1 


    1 00000000                 AREA             myData, DATA
    2 00000000                 ALIGN
    3 00000000 00000002 
                       array   DCD              2
    4 00000004         
    5 00000004                 AREA             code, CODE
    6 00000000                 EXPORT           __main
    7 00000000                 ENTRY
    8 00000000         __main  PROC
    9 00000000         
   10 00000000 F04F 0001       MOV              R0, #1      ;1st argument, valu
                                                            e
   11 00000004 490B            LDR              R1, =array  ;2nd argument, poin
                                                            ter
   12 00000006 F04F 0201       MOV              R2, #1      ;3rd argument, size
                                                            
   13 0000000A         
   14 0000000A F7FF FFFE       BL               insert
   15 0000000E         
   16 0000000E E7FE    stop    B                stop
   17 00000010         ;ALIGN
   18 00000010                 ENDP
   19 00000010         
   20 00000010         ; r0 = value, r1 = array, r2 = size
   21 00000010         insert  PROC
   22 00000010 B510            PUSH             {R4, LR}
   23 00000012 2A00    loop    CMP              R2, #0      ; check i>0
   24 00000014 DD0A            BLE              done        ; done if i <= 0
   25 00000016 F1A2 0401       SUB              R4, R2, #1  ; r4 = i-1
   26 0000001A F851 4024       LDR              R4, [R1, R4, LSL #2] ; a[i-1]
   27 0000001E 42A0            CMP              R0, R4
   28 00000020 DA04            BGE              done
   29 00000022 F841 4022       STR              R4, [R1, R2, LSL #2] ; a[i]
   30 00000026 F1A2 0201       SUB              R2, R2, #1
   31 0000002A E7F2            B                loop
   32 0000002C         
   33 0000002C F841 0022 
                       done    STR              R0, [R1, R2, LSL #2] ; a[i] = v
                                                            
   34 00000030 BD10            POP              {R4, PC}    ; exit   
   35 00000032         
   36 00000032                 ENDP
   37 00000032 00 00           ALIGN
   38 00000034                 END
              00000000 
Command Line: --debug --xref --diag_suppress=9931 --cpu=Cortex-M4.fp.sp --apcs=
interwork --depend=.\objects\main.d -o.\objects\main.o -I.\RTE\_Target_1 -IC:\U
sers\Suangpi\AppData\Local\Arm\Packs\ARM\CMSIS\5.8.0\CMSIS\Core\Include -IC:\Us
ers\Suangpi\AppData\Local\Arm\Packs\Keil\STM32F4xx_DFP\2.15.0\Drivers\CMSIS\Dev
ice\ST\STM32F4xx\Include --predefine="__EVAL SETA 1" --predefine="__UVISION_VER
SION SETA 535" --predefine="_RTE_ SETA 1" --predefine="STM32F446xx SETA 1" --pr
edefine="_RTE_ SETA 1" --list=.\listings\main.lst main.s



ARM Macro Assembler    Page 1 Alphabetic symbol ordering
Relocatable symbols

array 00000000

Symbol: array
   Definitions
      At line 3 in file main.s
   Uses
      At line 11 in file main.s
Comment: array used once
myData 00000000

Symbol: myData
   Definitions
      At line 1 in file main.s
   Uses
      None
Comment: myData unused
2 symbols



ARM Macro Assembler    Page 1 Alphabetic symbol ordering
Relocatable symbols

__main 00000000

Symbol: __main
   Definitions
      At line 8 in file main.s
   Uses
      At line 6 in file main.s
Comment: __main used once
code 00000000

Symbol: code
   Definitions
      At line 5 in file main.s
   Uses
      None
Comment: code unused
done 0000002C

Symbol: done
   Definitions
      At line 33 in file main.s
   Uses
      At line 24 in file main.s
      At line 28 in file main.s

insert 00000010

Symbol: insert
   Definitions
      At line 21 in file main.s
   Uses
      At line 14 in file main.s
Comment: insert used once
loop 00000012

Symbol: loop
   Definitions
      At line 23 in file main.s
   Uses
      At line 31 in file main.s
Comment: loop used once
stop 0000000E

Symbol: stop
   Definitions
      At line 16 in file main.s
   Uses
      At line 16 in file main.s
Comment: stop used once
6 symbols
345 symbols in table
