


ARM Macro Assembler    Page 1 


    1 00000000                 AREA             myData, DATA
    2 00000000                 ALIGN
    3 00000000 53 68 61 
              6B 69 6E 
              67 00    str1    DCB              "Shaking",0
    4 00000008 00 00 00 
              00 00 00 
              00 00 00 
              00 00 00 
              00 00 00 
              00 00 00 
              00 00    str1_   SPACE            20          ;reserve space
    5 0000001C 20 68 61 
              6E 64 73 
              00       str2    DCB              " hands",0
    6 00000023         
    7 00000023                 AREA             my_strcat, CODE
    8 00000000                 EXPORT           __main
    9 00000000                 ENTRY
   10 00000000         __main  PROC
   11 00000000         
   12 00000000 4808            LDR              R0, =str1   ;r0 = 1st argument
   13 00000002 4909            LDR              R1, =str2   ;r1 = 2nd argument
   14 00000004 F7FF FFFE       BL               strcat
   15 00000008 E7FE    stop    B                stop
   16 0000000A                 ENDP
   17 0000000A         
   18 0000000A         strcat  PROC
   19 0000000A 7802    loop    LDRB             R2, [R0]
   20 0000000C B112            CBZ              R2, copy
   21 0000000E F100 0001       ADD              R0, R0, #1
   22 00000012 E7FA            B                loop
   23 00000014         
   24 00000014 F811 2B01 
                       copy    LDRB             R2, [R1], #1
   25 00000018 2A00            CMP              R2, #0
   26 0000001A D002            BEQ              exit
   27 0000001C F800 2B01       STRB             R2, [R0], #1
   28 00000020 E7F8            B                copy
   29 00000022 4770    exit    BX               LR
   30 00000024                 ENDP
   31 00000024                 ALIGN
   32 00000024                 END
              00000000 
              00000000 
Command Line: --debug --xref --diag_suppress=9931 --cpu=Cortex-M4.fp.sp --apcs=
interwork --depend=.\objects\main.d -o.\objects\main.o -I.\RTE\_Target_1 -IC:\U
sers\Suangpi\AppData\Local\Arm\Packs\ARM\CMSIS\5.8.0\CMSIS\Core\Include -IC:\Us
ers\Suangpi\AppData\Local\Arm\Packs\Keil\STM32F4xx_DFP\2.15.0\Drivers\CMSIS\Dev
ice\ST\STM32F4xx\Include --predefine="__EVAL SETA 1" --predefine="__UVISION_VER
SION SETA 535" --predefine="_RTE_ SETA 1" --predefine="STM32F446xx SETA 1" --pr
edefine="_RTE_ SETA 1" --list=.\listings\main.lst main.s



ARM Macro Assembler    Page 1 Alphabetic symbol ordering
Relocatable symbols

myData 00000000

Symbol: myData
   Definitions
      At line 1 in file main.s
   Uses
      None
Comment: myData unused
str1 00000000

Symbol: str1
   Definitions
      At line 3 in file main.s
   Uses
      At line 12 in file main.s
Comment: str1 used once
str1_ 00000008

Symbol: str1_
   Definitions
      At line 4 in file main.s
   Uses
      None
Comment: str1_ unused
str2 0000001C

Symbol: str2
   Definitions
      At line 5 in file main.s
   Uses
      At line 13 in file main.s
Comment: str2 used once
4 symbols



ARM Macro Assembler    Page 1 Alphabetic symbol ordering
Relocatable symbols

__main 00000000

Symbol: __main
   Definitions
      At line 10 in file main.s
   Uses
      At line 8 in file main.s
Comment: __main used once
copy 00000014

Symbol: copy
   Definitions
      At line 24 in file main.s
   Uses
      At line 20 in file main.s
      At line 28 in file main.s

exit 00000022

Symbol: exit
   Definitions
      At line 29 in file main.s
   Uses
      At line 26 in file main.s
Comment: exit used once
loop 0000000A

Symbol: loop
   Definitions
      At line 19 in file main.s
   Uses
      At line 22 in file main.s
Comment: loop used once
my_strcat 00000000

Symbol: my_strcat
   Definitions
      At line 7 in file main.s
   Uses
      None
Comment: my_strcat unused
stop 00000008

Symbol: stop
   Definitions
      At line 15 in file main.s
   Uses
      At line 15 in file main.s
Comment: stop used once
strcat 0000000A

Symbol: strcat
   Definitions
      At line 18 in file main.s
   Uses
      At line 14 in file main.s
Comment: strcat used once
7 symbols
348 symbols in table
