


ARM Macro Assembler    Page 1 


    1 00000000         ;*******************************************************
                       ************************
    2 00000000         ;* File Name          : startup_stm32f446xx.s
    3 00000000         ;* Author             : MCD Application Team
    4 00000000         ;* Description        : STM32F446x devices vector table 
                       for MDK-ARM toolchain. 
    5 00000000         ;*                      This module performs:
    6 00000000         ;*                      - Set the initial SP
    7 00000000         ;*                      - Set the initial PC == Reset_Ha
                       ndler
    8 00000000         ;*                      - Set the vector table entries w
                       ith the exceptions ISR address
    9 00000000         ;*                      After Reset the CortexM4 process
                       or is in Thread mode,
   10 00000000         ;*                      priority is Privileged, and the 
                       Stack is set to Main.
   11 00000000         ;*******************************************************
                       *************************
   12 00000000         ;* @attention
   13 00000000         ;*
   14 00000000         ;* <h2><center>&copy; Copyright (c) 2017 STMicroelectron
                       ics.
   15 00000000         ;* All rights reserved.</center></h2>
   16 00000000         ;*
   17 00000000         ;* This software component is licensed by ST under BSD 3
                       -Clause license,
   18 00000000         ;* the "License"; You may not use this file except in co
                       mpliance with the
   19 00000000         ;* License. You may obtain a copy of the License at:
   20 00000000         ;*                        opensource.org/licenses/BSD-3-
                       Clause
   21 00000000         ;*
   22 00000000         ;*******************************************************
                       ************************
   23 00000000         ;* <<< Use Configuration Wizard in Context Menu >>>
   24 00000000         ;
   25 00000000         ; Amount of memory (in bytes) allocated for Stack
   26 00000000         ; Tailor this value to your application needs
   27 00000000         ; <h> Stack Configuration
   28 00000000         ;   <o> Stack Size (in Bytes) <0x0-0xFFFFFFFF:8>
   29 00000000         ; </h>
   30 00000000         
   31 00000000 00000400 
                       Stack_Size
                               EQU              0x00000400
   32 00000000         
   33 00000000                 AREA             STACK, NOINIT, READWRITE, ALIGN
=3
   34 00000000         Stack_Mem
                               SPACE            Stack_Size
   35 00000400         __initial_sp
   36 00000400         
   37 00000400         
   38 00000400         ; <h> Heap Configuration
   39 00000400         ;   <o>  Heap Size (in Bytes) <0x0-0xFFFFFFFF:8>
   40 00000400         ; </h>
   41 00000400         
   42 00000400 00000200 
                       Heap_Size



ARM Macro Assembler    Page 2 


                               EQU              0x00000200
   43 00000400         
   44 00000400                 AREA             HEAP, NOINIT, READWRITE, ALIGN=
3
   45 00000000         __heap_base
   46 00000000         Heap_Mem
                               SPACE            Heap_Size
   47 00000200         __heap_limit
   48 00000200         
   49 00000200                 PRESERVE8
   50 00000200                 THUMB
   51 00000200         
   52 00000200         
   53 00000200         ; Vector Table Mapped to Address 0 at Reset
   54 00000200                 AREA             RESET, DATA, READONLY
   55 00000000                 EXPORT           __Vectors
   56 00000000                 EXPORT           __Vectors_End
   57 00000000                 EXPORT           __Vectors_Size
   58 00000000         
   59 00000000 00000000 
                       __Vectors
                               DCD              __initial_sp ; Top of Stack
   60 00000004 00000000        DCD              Reset_Handler ; Reset Handler
   61 00000008 00000000        DCD              NMI_Handler ; NMI Handler
   62 0000000C 00000000        DCD              HardFault_Handler ; Hard Fault 
                                                            Handler
   63 00000010 00000000        DCD              MemManage_Handler 
                                                            ; MPU Fault Handler
                                                            
   64 00000014 00000000        DCD              BusFault_Handler 
                                                            ; Bus Fault Handler
                                                            
   65 00000018 00000000        DCD              UsageFault_Handler ; Usage Faul
                                                            t Handler
   66 0000001C 00000000        DCD              0           ; Reserved
   67 00000020 00000000        DCD              0           ; Reserved
   68 00000024 00000000        DCD              0           ; Reserved
   69 00000028 00000000        DCD              0           ; Reserved
   70 0000002C 00000000        DCD              SVC_Handler ; SVCall Handler
   71 00000030 00000000        DCD              DebugMon_Handler ; Debug Monito
                                                            r Handler
   72 00000034 00000000        DCD              0           ; Reserved
   73 00000038 00000000        DCD              PendSV_Handler ; PendSV Handler
                                                            
   74 0000003C 00000000        DCD              SysTick_Handler 
                                                            ; SysTick Handler
   75 00000040         
   76 00000040         ; External Interrupts
   77 00000040 00000000        DCD              WWDG_IRQHandler ; Window WatchD
                                                            og                 
                                                                               
                                                                
   78 00000044 00000000        DCD              PVD_IRQHandler ; PVD through EX
                                                            TI Line detection  
                                                                               
                                                               
   79 00000048 00000000        DCD              TAMP_STAMP_IRQHandler ; Tamper 
                                                            and TimeStamps thro
                                                            ugh the EXTI line  



ARM Macro Assembler    Page 3 


                                                                      
   80 0000004C 00000000        DCD              RTC_WKUP_IRQHandler ; RTC Wakeu
                                                            p through the EXTI 
                                                            line               
                                                                    
   81 00000050 00000000        DCD              FLASH_IRQHandler ; FLASH       
                                                                               
                                                                             
   82 00000054 00000000        DCD              RCC_IRQHandler ; RCC           
                                                                               
                                                                           
   83 00000058 00000000        DCD              EXTI0_IRQHandler ; EXTI Line0  
                                                                               
                                                                               
                                                                 
   84 0000005C 00000000        DCD              EXTI1_IRQHandler ; EXTI Line1  
                                                                               
                                                                               
                                                                 
   85 00000060 00000000        DCD              EXTI2_IRQHandler ; EXTI Line2  
                                                                               
                                                                               
                                                                 
   86 00000064 00000000        DCD              EXTI3_IRQHandler ; EXTI Line3  
                                                                               
                                                                               
                                                                 
   87 00000068 00000000        DCD              EXTI4_IRQHandler ; EXTI Line4  
                                                                               
                                                                               
                                                                 
   88 0000006C 00000000        DCD              DMA1_Stream0_IRQHandler ; DMA1 
                                                            Stream 0           
                                                                               
                                                                 
   89 00000070 00000000        DCD              DMA1_Stream1_IRQHandler ; DMA1 
                                                            Stream 1           
                                                                               
                                                                 
   90 00000074 00000000        DCD              DMA1_Stream2_IRQHandler ; DMA1 
                                                            Stream 2           
                                                                               
                                                                 
   91 00000078 00000000        DCD              DMA1_Stream3_IRQHandler ; DMA1 
                                                            Stream 3           
                                                                               
                                                                 
   92 0000007C 00000000        DCD              DMA1_Stream4_IRQHandler ; DMA1 
                                                            Stream 4           
                                                                               
                                                                 
   93 00000080 00000000        DCD              DMA1_Stream5_IRQHandler ; DMA1 
                                                            Stream 5           
                                                                               
                                                                 
   94 00000084 00000000        DCD              DMA1_Stream6_IRQHandler ; DMA1 
                                                            Stream 6           
                                                                               
                                                                 



ARM Macro Assembler    Page 4 


   95 00000088 00000000        DCD              ADC_IRQHandler ; ADC1, ADC2 and
                                                             ADC3s             
                                                                           
   96 0000008C 00000000        DCD              CAN1_TX_IRQHandler ; CAN1 TX   
                                                                               
                                                                               
                                                                   
   97 00000090 00000000        DCD              CAN1_RX0_IRQHandler ; CAN1 RX0 
                                                                               
                                                                               
                                                                    
   98 00000094 00000000        DCD              CAN1_RX1_IRQHandler ; CAN1 RX1 
                                                                               
                                                                               
                                                                    
   99 00000098 00000000        DCD              CAN1_SCE_IRQHandler ; CAN1 SCE 
                                                                               
                                                                               
                                                                    
  100 0000009C 00000000        DCD              EXTI9_5_IRQHandler ; External L
                                                            ine[9:5]s          
                                                                               
                                                                   
  101 000000A0 00000000        DCD              TIM1_BRK_TIM9_IRQHandler ; TIM1
                                                             Break and TIM9    
                                                                           
  102 000000A4 00000000        DCD              TIM1_UP_TIM10_IRQHandler ; TIM1
                                                             Update and TIM10  
                                                                           
  103 000000A8 00000000        DCD              TIM1_TRG_COM_TIM11_IRQHandler ;
                                                             TIM1 Trigger and C
                                                            ommutation and TIM1
                                                            1
  104 000000AC 00000000        DCD              TIM1_CC_IRQHandler ; TIM1 Captu
                                                            re Compare         
                                                                               
                                                                   
  105 000000B0 00000000        DCD              TIM2_IRQHandler ; TIM2         
                                                                               
                                                                            
  106 000000B4 00000000        DCD              TIM3_IRQHandler ; TIM3         
                                                                               
                                                                            
  107 000000B8 00000000        DCD              TIM4_IRQHandler ; TIM4         
                                                                               
                                                                            
  108 000000BC 00000000        DCD              I2C1_EV_IRQHandler ; I2C1 Event
                                                                               
                                                                               
                                                                   
  109 000000C0 00000000        DCD              I2C1_ER_IRQHandler ; I2C1 Error
                                                                               
                                                                               
                                                                   
  110 000000C4 00000000        DCD              I2C2_EV_IRQHandler ; I2C2 Event
                                                                               
                                                                               
                                                                   
  111 000000C8 00000000        DCD              I2C2_ER_IRQHandler ; I2C2 Error



ARM Macro Assembler    Page 5 


                                                                               
                                                                               
                                                                     
  112 000000CC 00000000        DCD              SPI1_IRQHandler ; SPI1         
                                                                               
                                                                            
  113 000000D0 00000000        DCD              SPI2_IRQHandler ; SPI2         
                                                                               
                                                                            
  114 000000D4 00000000        DCD              USART1_IRQHandler ; USART1     
                                                                               
                                                                              
  115 000000D8 00000000        DCD              USART2_IRQHandler ; USART2     
                                                                               
                                                                              
  116 000000DC 00000000        DCD              USART3_IRQHandler ; USART3     
                                                                               
                                                                              
  117 000000E0 00000000        DCD              EXTI15_10_IRQHandler ; External
                                                             Line[15:10]s      
                                                                               
                                                                     
  118 000000E4 00000000        DCD              RTC_Alarm_IRQHandler ; RTC Alar
                                                            m (A and B) through
                                                             EXTI Line         
                                                                     
  119 000000E8 00000000        DCD              OTG_FS_WKUP_IRQHandler ; USB OT
                                                            G FS Wakeup through
                                                             EXTI line         
                                                                           
  120 000000EC 00000000        DCD              TIM8_BRK_TIM12_IRQHandler ; TIM
                                                            8 Break and TIM12  
                                                                            
  121 000000F0 00000000        DCD              TIM8_UP_TIM13_IRQHandler ; TIM8
                                                             Update and TIM13  
                                                                           
  122 000000F4 00000000        DCD              TIM8_TRG_COM_TIM14_IRQHandler ;
                                                             TIM8 Trigger and C
                                                            ommutation and TIM1
                                                            4
  123 000000F8 00000000        DCD              TIM8_CC_IRQHandler ; TIM8 Captu
                                                            re Compare         
                                                                               
                                                                   
  124 000000FC 00000000        DCD              DMA1_Stream7_IRQHandler ; DMA1 
                                                            Stream7            
                                                                               
                                                                        
  125 00000100 00000000        DCD              FMC_IRQHandler ; FMC           
                                                                               
                                                                           
  126 00000104 00000000        DCD              SDIO_IRQHandler ; SDIO         
                                                                               
                                                                            
  127 00000108 00000000        DCD              TIM5_IRQHandler ; TIM5         
                                                                               
                                                                            
  128 0000010C 00000000        DCD              SPI3_IRQHandler ; SPI3         
                                                                               



ARM Macro Assembler    Page 6 


                                                                            
  129 00000110 00000000        DCD              UART4_IRQHandler ; UART4       
                                                                               
                                                                             
  130 00000114 00000000        DCD              UART5_IRQHandler ; UART5       
                                                                               
                                                                             
  131 00000118 00000000        DCD              TIM6_DAC_IRQHandler ; TIM6 and 
                                                            DAC1&2 underrun err
                                                            ors                
                                                               
  132 0000011C 00000000        DCD              TIM7_IRQHandler ; TIM7         
                                                                      
  133 00000120 00000000        DCD              DMA2_Stream0_IRQHandler ; DMA2 
                                                            Stream 0           
                                                                               
                                                                 
  134 00000124 00000000        DCD              DMA2_Stream1_IRQHandler ; DMA2 
                                                            Stream 1           
                                                                               
                                                                 
  135 00000128 00000000        DCD              DMA2_Stream2_IRQHandler ; DMA2 
                                                            Stream 2           
                                                                               
                                                                 
  136 0000012C 00000000        DCD              DMA2_Stream3_IRQHandler ; DMA2 
                                                            Stream 3           
                                                                               
                                                                 
  137 00000130 00000000        DCD              DMA2_Stream4_IRQHandler ; DMA2 
                                                            Stream 4           
                                                                               
                                                                 
  138 00000134 00000000        DCD              0           ; Reserved         
                                                                               
                                                                        
  139 00000138 00000000        DCD              0           ; Reserved         
                                                                         
  140 0000013C 00000000        DCD              CAN2_TX_IRQHandler ; CAN2 TX   
                                                                               
                                                                               
                                                                   
  141 00000140 00000000        DCD              CAN2_RX0_IRQHandler ; CAN2 RX0 
                                                                               
                                                                               
                                                                    
  142 00000144 00000000        DCD              CAN2_RX1_IRQHandler ; CAN2 RX1 
                                                                               
                                                                               
                                                                    
  143 00000148 00000000        DCD              CAN2_SCE_IRQHandler ; CAN2 SCE 
                                                                               
                                                                               
                                                                    
  144 0000014C 00000000        DCD              OTG_FS_IRQHandler ; USB OTG FS 
                                                                               
                                                                              
  145 00000150 00000000        DCD              DMA2_Stream5_IRQHandler ; DMA2 
                                                            Stream 5           



ARM Macro Assembler    Page 7 


                                                                               
                                                                 
  146 00000154 00000000        DCD              DMA2_Stream6_IRQHandler ; DMA2 
                                                            Stream 6           
                                                                               
                                                                 
  147 00000158 00000000        DCD              DMA2_Stream7_IRQHandler ; DMA2 
                                                            Stream 7           
                                                                               
                                                                 
  148 0000015C 00000000        DCD              USART6_IRQHandler ; USART6     
                                                                               
                                                                               
                                                            
  149 00000160 00000000        DCD              I2C3_EV_IRQHandler ; I2C3 event
                                                                               
                                                                               
                                                                   
  150 00000164 00000000        DCD              I2C3_ER_IRQHandler ; I2C3 error
                                                                               
                                                                               
                                                                   
  151 00000168 00000000        DCD              OTG_HS_EP1_OUT_IRQHandler ; USB
                                                             OTG HS End Point 1
                                                             Out               
                                                                   
  152 0000016C 00000000        DCD              OTG_HS_EP1_IN_IRQHandler ; USB 
                                                            OTG HS End Point 1 
                                                            In                 
                                                                  
  153 00000170 00000000        DCD              OTG_HS_WKUP_IRQHandler ; USB OT
                                                            G HS Wakeup through
                                                             EXTI              
                                                                       
  154 00000174 00000000        DCD              OTG_HS_IRQHandler ; USB OTG HS 
                                                                               
                                                                              
  155 00000178 00000000        DCD              DCMI_IRQHandler ; DCMI  
  156 0000017C 00000000        DCD              0           ; Reserved         
                                                                               
                                                                  
  157 00000180 00000000        DCD              0           ; Reserved
  158 00000184 00000000        DCD              FPU_IRQHandler ; FPU
  159 00000188 00000000        DCD              0           ; Reserved
  160 0000018C 00000000        DCD              0           ; Reserved
  161 00000190 00000000        DCD              SPI4_IRQHandler ; SPI4
  162 00000194 00000000        DCD              0           ; Reserved
  163 00000198 00000000        DCD              0           ; Reserved
  164 0000019C 00000000        DCD              SAI1_IRQHandler ; SAI1
  165 000001A0 00000000        DCD              0           ; Reserved
  166 000001A4 00000000        DCD              0           ; Reserved
  167 000001A8 00000000        DCD              0           ; Reserved
  168 000001AC 00000000        DCD              SAI2_IRQHandler ; SAI2
  169 000001B0 00000000        DCD              QUADSPI_IRQHandler ; QuadSPI
  170 000001B4 00000000        DCD              CEC_IRQHandler ; CEC
  171 000001B8 00000000        DCD              SPDIF_RX_IRQHandler ; SPDIF RX
  172 000001BC 00000000        DCD              FMPI2C1_EV_IRQHandler 
                                                            ; FMPI2C Event
  173 000001C0 00000000        DCD              FMPI2C1_ER_IRQHandler ; FMPI2C 



ARM Macro Assembler    Page 8 


                                                            Error              
                                                                       
  174 000001C4         __Vectors_End
  175 000001C4         
  176 000001C4 000001C4 
                       __Vectors_Size
                               EQU              __Vectors_End - __Vectors
  177 000001C4         
  178 000001C4                 AREA             |.text|, CODE, READONLY
  179 00000000         
  180 00000000         ; Reset handler
  181 00000000         Reset_Handler
                               PROC
  182 00000000                 EXPORT           Reset_Handler             [WEAK
]
  183 00000000                 IMPORT           SystemInit
  184 00000000                 IMPORT           __main
  185 00000000         
  186 00000000 480E            LDR              R0, =SystemInit
  187 00000002 4780            BLX              R0
  188 00000004         
  189 00000004         ;************************* Added Manually **************
                       ***********
  190 00000004                 IMPORT           |Image$$ER_IROM1$$RO$$Limit|
  191 00000004                 IMPORT           |Image$$RW_IRAM1$$Base|
  192 00000004                 IMPORT           |Image$$RW_IRAM1$$ZI$$Base|
  193 00000004         
  194 00000004 490E            LDR              R1, =|Image$$ER_IROM1$$RO$$Limi
t|
  195 00000006 4A0F            LDR              R2, =|Image$$RW_IRAM1$$Base|
  196 00000008 4B0F            LDR              R3, =|Image$$RW_IRAM1$$ZI$$Base
|
  197 0000000A         
  198 0000000A 429A    Copy_RW CMP              R2, R3
  199 0000000C BF3C F811 
              4B01             LDRBCC           R4, [R1], #1
  200 00000012 F802 4B01       STRBCC           R4, [R2], #1
  201 00000016 D3F8            BCC              Copy_RW
  202 00000018         ;****************************** END ********************
                       **********
  203 00000018         
  204 00000018 480C            LDR              R0, =__main
  205 0000001A 4700            BX               R0
  206 0000001C                 ENDP
  207 0000001C         
  208 0000001C         ; Dummy Exception Handlers (infinite loops which can be 
                       modified)
  209 0000001C         
  210 0000001C         NMI_Handler
                               PROC
  211 0000001C                 EXPORT           NMI_Handler                [WEA
K]
  212 0000001C E7FE            B                .
  213 0000001E                 ENDP
  215 0000001E         HardFault_Handler
                               PROC
  216 0000001E                 EXPORT           HardFault_Handler          [WEA
K]
  217 0000001E E7FE            B                .



ARM Macro Assembler    Page 9 


  218 00000020                 ENDP
  220 00000020         MemManage_Handler
                               PROC
  221 00000020                 EXPORT           MemManage_Handler          [WEA
K]
  222 00000020 E7FE            B                .
  223 00000022                 ENDP
  225 00000022         BusFault_Handler
                               PROC
  226 00000022                 EXPORT           BusFault_Handler           [WEA
K]
  227 00000022 E7FE            B                .
  228 00000024                 ENDP
  230 00000024         UsageFault_Handler
                               PROC
  231 00000024                 EXPORT           UsageFault_Handler         [WEA
K]
  232 00000024 E7FE            B                .
  233 00000026                 ENDP
  234 00000026         SVC_Handler
                               PROC
  235 00000026                 EXPORT           SVC_Handler                [WEA
K]
  236 00000026 E7FE            B                .
  237 00000028                 ENDP
  239 00000028         DebugMon_Handler
                               PROC
  240 00000028                 EXPORT           DebugMon_Handler           [WEA
K]
  241 00000028 E7FE            B                .
  242 0000002A                 ENDP
  243 0000002A         PendSV_Handler
                               PROC
  244 0000002A                 EXPORT           PendSV_Handler             [WEA
K]
  245 0000002A E7FE            B                .
  246 0000002C                 ENDP
  247 0000002C         SysTick_Handler
                               PROC
  248 0000002C                 EXPORT           SysTick_Handler            [WEA
K]
  249 0000002C E7FE            B                .
  250 0000002E                 ENDP
  251 0000002E         
  252 0000002E         Default_Handler
                               PROC
  253 0000002E         
  254 0000002E                 EXPORT           WWDG_IRQHandler                
   [WEAK]
  255 0000002E                 EXPORT           PVD_IRQHandler                 
   [WEAK]
  256 0000002E                 EXPORT           TAMP_STAMP_IRQHandler          
   [WEAK]
  257 0000002E                 EXPORT           RTC_WKUP_IRQHandler            
   [WEAK]
  258 0000002E                 EXPORT           FLASH_IRQHandler               
   [WEAK]
  259 0000002E                 EXPORT           RCC_IRQHandler                 
   [WEAK]



ARM Macro Assembler    Page 10 


  260 0000002E                 EXPORT           EXTI0_IRQHandler               
   [WEAK]
  261 0000002E                 EXPORT           EXTI1_IRQHandler               
   [WEAK]
  262 0000002E                 EXPORT           EXTI2_IRQHandler               
   [WEAK]
  263 0000002E                 EXPORT           EXTI3_IRQHandler               
   [WEAK]
  264 0000002E                 EXPORT           EXTI4_IRQHandler               
   [WEAK]
  265 0000002E                 EXPORT           DMA1_Stream0_IRQHandler        
   [WEAK]
  266 0000002E                 EXPORT           DMA1_Stream1_IRQHandler        
   [WEAK]
  267 0000002E                 EXPORT           DMA1_Stream2_IRQHandler        
   [WEAK]
  268 0000002E                 EXPORT           DMA1_Stream3_IRQHandler        
   [WEAK]
  269 0000002E                 EXPORT           DMA1_Stream4_IRQHandler        
   [WEAK]
  270 0000002E                 EXPORT           DMA1_Stream5_IRQHandler        
   [WEAK]
  271 0000002E                 EXPORT           DMA1_Stream6_IRQHandler        
   [WEAK]
  272 0000002E                 EXPORT           ADC_IRQHandler                 
   [WEAK]
  273 0000002E                 EXPORT           CAN1_TX_IRQHandler             
   [WEAK]
  274 0000002E                 EXPORT           CAN1_RX0_IRQHandler            
   [WEAK]
  275 0000002E                 EXPORT           CAN1_RX1_IRQHandler            
   [WEAK]
  276 0000002E                 EXPORT           CAN1_SCE_IRQHandler            
   [WEAK]
  277 0000002E                 EXPORT           EXTI9_5_IRQHandler             
   [WEAK]
  278 0000002E                 EXPORT           TIM1_BRK_TIM9_IRQHandler       
   [WEAK]
  279 0000002E                 EXPORT           TIM1_UP_TIM10_IRQHandler       
   [WEAK]
  280 0000002E                 EXPORT           TIM1_TRG_COM_TIM11_IRQHandler  
   [WEAK]
  281 0000002E                 EXPORT           TIM1_CC_IRQHandler             
   [WEAK]
  282 0000002E                 EXPORT           TIM2_IRQHandler                
   [WEAK]
  283 0000002E                 EXPORT           TIM3_IRQHandler                
   [WEAK]
  284 0000002E                 EXPORT           TIM4_IRQHandler                
   [WEAK]
  285 0000002E                 EXPORT           I2C1_EV_IRQHandler             
   [WEAK]
  286 0000002E                 EXPORT           I2C1_ER_IRQHandler             
   [WEAK]
  287 0000002E                 EXPORT           I2C2_EV_IRQHandler             
   [WEAK]
  288 0000002E                 EXPORT           I2C2_ER_IRQHandler             
   [WEAK]
  289 0000002E                 EXPORT           SPI1_IRQHandler                



ARM Macro Assembler    Page 11 


   [WEAK]
  290 0000002E                 EXPORT           SPI2_IRQHandler                
   [WEAK]
  291 0000002E                 EXPORT           USART1_IRQHandler              
   [WEAK]
  292 0000002E                 EXPORT           USART2_IRQHandler              
   [WEAK]
  293 0000002E                 EXPORT           USART3_IRQHandler              
   [WEAK]
  294 0000002E                 EXPORT           EXTI15_10_IRQHandler           
   [WEAK]
  295 0000002E                 EXPORT           RTC_Alarm_IRQHandler           
   [WEAK]
  296 0000002E                 EXPORT           OTG_FS_WKUP_IRQHandler         
   [WEAK]
  297 0000002E                 EXPORT           TIM8_BRK_TIM12_IRQHandler      
   [WEAK]
  298 0000002E                 EXPORT           TIM8_UP_TIM13_IRQHandler       
   [WEAK]
  299 0000002E                 EXPORT           TIM8_TRG_COM_TIM14_IRQHandler  
   [WEAK]
  300 0000002E                 EXPORT           TIM8_CC_IRQHandler             
   [WEAK]
  301 0000002E                 EXPORT           DMA1_Stream7_IRQHandler        
   [WEAK]
  302 0000002E                 EXPORT           FMC_IRQHandler                 
   [WEAK]
  303 0000002E                 EXPORT           SDIO_IRQHandler                
   [WEAK]
  304 0000002E                 EXPORT           TIM5_IRQHandler                
   [WEAK]
  305 0000002E                 EXPORT           SPI3_IRQHandler                
   [WEAK]
  306 0000002E                 EXPORT           UART4_IRQHandler               
   [WEAK]
  307 0000002E                 EXPORT           UART5_IRQHandler               
   [WEAK]
  308 0000002E                 EXPORT           TIM6_DAC_IRQHandler            
   [WEAK]
  309 0000002E                 EXPORT           TIM7_IRQHandler                
   [WEAK]
  310 0000002E                 EXPORT           DMA2_Stream0_IRQHandler        
   [WEAK]
  311 0000002E                 EXPORT           DMA2_Stream1_IRQHandler        
   [WEAK]
  312 0000002E                 EXPORT           DMA2_Stream2_IRQHandler        
   [WEAK]
  313 0000002E                 EXPORT           DMA2_Stream3_IRQHandler        
   [WEAK]
  314 0000002E                 EXPORT           DMA2_Stream4_IRQHandler        
   [WEAK]
  315 0000002E                 EXPORT           CAN2_TX_IRQHandler             
   [WEAK]
  316 0000002E                 EXPORT           CAN2_RX0_IRQHandler            
   [WEAK]
  317 0000002E                 EXPORT           CAN2_RX1_IRQHandler            
   [WEAK]
  318 0000002E                 EXPORT           CAN2_SCE_IRQHandler            
   [WEAK]



ARM Macro Assembler    Page 12 


  319 0000002E                 EXPORT           OTG_FS_IRQHandler              
   [WEAK]
  320 0000002E                 EXPORT           DMA2_Stream5_IRQHandler        
   [WEAK]
  321 0000002E                 EXPORT           DMA2_Stream6_IRQHandler        
   [WEAK]
  322 0000002E                 EXPORT           DMA2_Stream7_IRQHandler        
   [WEAK]
  323 0000002E                 EXPORT           USART6_IRQHandler              
   [WEAK]
  324 0000002E                 EXPORT           I2C3_EV_IRQHandler             
   [WEAK]
  325 0000002E                 EXPORT           I2C3_ER_IRQHandler             
   [WEAK]
  326 0000002E                 EXPORT           OTG_HS_EP1_OUT_IRQHandler      
   [WEAK]
  327 0000002E                 EXPORT           OTG_HS_EP1_IN_IRQHandler       
   [WEAK]
  328 0000002E                 EXPORT           OTG_HS_WKUP_IRQHandler         
   [WEAK]
  329 0000002E                 EXPORT           OTG_HS_IRQHandler              
   [WEAK]
  330 0000002E                 EXPORT           DCMI_IRQHandler                
   [WEAK]
  331 0000002E                 EXPORT           FPU_IRQHandler                 
   [WEAK]
  332 0000002E                 EXPORT           SPI4_IRQHandler                
   [WEAK]
  333 0000002E                 EXPORT           SAI1_IRQHandler                
   [WEAK]
  334 0000002E                 EXPORT           SPI4_IRQHandler                
   [WEAK]
  335 0000002E                 EXPORT           SAI1_IRQHandler                
   [WEAK]
  336 0000002E                 EXPORT           SAI2_IRQHandler                
   [WEAK]
  337 0000002E                 EXPORT           QUADSPI_IRQHandler             
   [WEAK]
  338 0000002E                 EXPORT           CEC_IRQHandler                 
   [WEAK]
  339 0000002E                 EXPORT           SPDIF_RX_IRQHandler            
   [WEAK]
  340 0000002E                 EXPORT           FMPI2C1_EV_IRQHandler          
   [WEAK]
  341 0000002E                 EXPORT           FMPI2C1_ER_IRQHandler          
   [WEAK]
  342 0000002E         
  343 0000002E         WWDG_IRQHandler
  344 0000002E         PVD_IRQHandler
  345 0000002E         TAMP_STAMP_IRQHandler
  346 0000002E         RTC_WKUP_IRQHandler
  347 0000002E         FLASH_IRQHandler
  348 0000002E         RCC_IRQHandler
  349 0000002E         EXTI0_IRQHandler
  350 0000002E         EXTI1_IRQHandler
  351 0000002E         EXTI2_IRQHandler
  352 0000002E         EXTI3_IRQHandler
  353 0000002E         EXTI4_IRQHandler
  354 0000002E         DMA1_Stream0_IRQHandler



ARM Macro Assembler    Page 13 


  355 0000002E         DMA1_Stream1_IRQHandler
  356 0000002E         DMA1_Stream2_IRQHandler
  357 0000002E         DMA1_Stream3_IRQHandler
  358 0000002E         DMA1_Stream4_IRQHandler
  359 0000002E         DMA1_Stream5_IRQHandler
  360 0000002E         DMA1_Stream6_IRQHandler
  361 0000002E         ADC_IRQHandler
  362 0000002E         CAN1_TX_IRQHandler
  363 0000002E         CAN1_RX0_IRQHandler
  364 0000002E         CAN1_RX1_IRQHandler
  365 0000002E         CAN1_SCE_IRQHandler
  366 0000002E         EXTI9_5_IRQHandler
  367 0000002E         TIM1_BRK_TIM9_IRQHandler
  368 0000002E         TIM1_UP_TIM10_IRQHandler
  369 0000002E         TIM1_TRG_COM_TIM11_IRQHandler
  370 0000002E         TIM1_CC_IRQHandler
  371 0000002E         TIM2_IRQHandler
  372 0000002E         TIM3_IRQHandler
  373 0000002E         TIM4_IRQHandler
  374 0000002E         I2C1_EV_IRQHandler
  375 0000002E         I2C1_ER_IRQHandler
  376 0000002E         I2C2_EV_IRQHandler
  377 0000002E         I2C2_ER_IRQHandler
  378 0000002E         SPI1_IRQHandler
  379 0000002E         SPI2_IRQHandler
  380 0000002E         USART1_IRQHandler
  381 0000002E         USART2_IRQHandler
  382 0000002E         USART3_IRQHandler
  383 0000002E         EXTI15_10_IRQHandler
  384 0000002E         RTC_Alarm_IRQHandler
  385 0000002E         OTG_FS_WKUP_IRQHandler
  386 0000002E         TIM8_BRK_TIM12_IRQHandler
  387 0000002E         TIM8_UP_TIM13_IRQHandler
  388 0000002E         TIM8_TRG_COM_TIM14_IRQHandler
  389 0000002E         TIM8_CC_IRQHandler
  390 0000002E         DMA1_Stream7_IRQHandler
  391 0000002E         FMC_IRQHandler
  392 0000002E         SDIO_IRQHandler
  393 0000002E         TIM5_IRQHandler
  394 0000002E         SPI3_IRQHandler
  395 0000002E         UART4_IRQHandler
  396 0000002E         UART5_IRQHandler
  397 0000002E         TIM6_DAC_IRQHandler
  398 0000002E         TIM7_IRQHandler
  399 0000002E         DMA2_Stream0_IRQHandler
  400 0000002E         DMA2_Stream1_IRQHandler
  401 0000002E         DMA2_Stream2_IRQHandler
  402 0000002E         DMA2_Stream3_IRQHandler
  403 0000002E         DMA2_Stream4_IRQHandler
  404 0000002E         CAN2_TX_IRQHandler
  405 0000002E         CAN2_RX0_IRQHandler
  406 0000002E         CAN2_RX1_IRQHandler
  407 0000002E         CAN2_SCE_IRQHandler
  408 0000002E         OTG_FS_IRQHandler
  409 0000002E         DMA2_Stream5_IRQHandler
  410 0000002E         DMA2_Stream6_IRQHandler
  411 0000002E         DMA2_Stream7_IRQHandler
  412 0000002E         USART6_IRQHandler
  413 0000002E         I2C3_EV_IRQHandler



ARM Macro Assembler    Page 14 


  414 0000002E         I2C3_ER_IRQHandler
  415 0000002E         OTG_HS_EP1_OUT_IRQHandler
  416 0000002E         OTG_HS_EP1_IN_IRQHandler
  417 0000002E         OTG_HS_WKUP_IRQHandler
  418 0000002E         OTG_HS_IRQHandler
  419 0000002E         DCMI_IRQHandler
  420 0000002E         FPU_IRQHandler
  421 0000002E         SPI4_IRQHandler
  422 0000002E         SAI1_IRQHandler
  423 0000002E         SAI2_IRQHandler
  424 0000002E         QUADSPI_IRQHandler
  425 0000002E         CEC_IRQHandler
  426 0000002E         SPDIF_RX_IRQHandler
  427 0000002E         FMPI2C1_EV_IRQHandler
  428 0000002E         FMPI2C1_ER_IRQHandler
  429 0000002E E7FE            B                .
  430 00000030         
  431 00000030                 ENDP
  432 00000030         
  433 00000030                 ALIGN
  434 00000030         
  435 00000030         ;*******************************************************
                       ************************
  436 00000030         ; User Stack and Heap initialization
  437 00000030         ;*******************************************************
                       ************************
  438 00000030                 IF               :DEF:__MICROLIB
  445 00000030         
  446 00000030                 IMPORT           __use_two_region_memory
  447 00000030                 EXPORT           __user_initial_stackheap
  448 00000030         
  449 00000030         __user_initial_stackheap
  450 00000030         
  451 00000030 4807            LDR              R0, =  Heap_Mem
  452 00000032 4908            LDR              R1, =(Stack_Mem + Stack_Size)
  453 00000034 4A08            LDR              R2, = (Heap_Mem +  Heap_Size)
  454 00000036 4B09            LDR              R3, = Stack_Mem
  455 00000038 4770            BX               LR
  456 0000003A         
  457 0000003A 00 00           ALIGN
  458 0000003C         
  459 0000003C                 ENDIF
  460 0000003C         
  461 0000003C                 END
              00000000 
              00000000 
              00000000 
              00000000 
              00000000 
              00000000 
              00000400 
              00000200 
              00000000 
Command Line: --debug --xref --diag_suppress=9931 --cpu=Cortex-M4.fp.sp --apcs=
interwork --depend=.\objects\startup_stm32f446xx.d -o.\objects\startup_stm32f44
6xx.o -I.\RTE\_Target_1 -IC:\Users\Suangpi\AppData\Local\Arm\Packs\ARM\CMSIS\5.
8.0\CMSIS\Core\Include -IC:\Users\Suangpi\AppData\Local\Arm\Packs\Keil\STM32F4x
x_DFP\2.15.0\Drivers\CMSIS\Device\ST\STM32F4xx\Include --predefine="__EVAL SETA
 1" --predefine="__UVISION_VERSION SETA 535" --predefine="_RTE_ SETA 1" --prede



ARM Macro Assembler    Page 15 


fine="STM32F446xx SETA 1" --predefine="_RTE_ SETA 1" --list=.\listings\startup_
stm32f446xx.lst RTE\Device\STM32F446RETx\startup_stm32f446xx.s



ARM Macro Assembler    Page 1 Alphabetic symbol ordering
Relocatable symbols

STACK 00000000

Symbol: STACK
   Definitions
      At line 33 in file RTE\Device\STM32F446RETx\startup_stm32f446xx.s
   Uses
      None
Comment: STACK unused
Stack_Mem 00000000

Symbol: Stack_Mem
   Definitions
      At line 34 in file RTE\Device\STM32F446RETx\startup_stm32f446xx.s
   Uses
      At line 452 in file RTE\Device\STM32F446RETx\startup_stm32f446xx.s
      At line 454 in file RTE\Device\STM32F446RETx\startup_stm32f446xx.s

__initial_sp 00000400

Symbol: __initial_sp
   Definitions
      At line 35 in file RTE\Device\STM32F446RETx\startup_stm32f446xx.s
   Uses
      At line 59 in file RTE\Device\STM32F446RETx\startup_stm32f446xx.s
Comment: __initial_sp used once
3 symbols



ARM Macro Assembler    Page 1 Alphabetic symbol ordering
Relocatable symbols

HEAP 00000000

Symbol: HEAP
   Definitions
      At line 44 in file RTE\Device\STM32F446RETx\startup_stm32f446xx.s
   Uses
      None
Comment: HEAP unused
Heap_Mem 00000000

Symbol: Heap_Mem
   Definitions
      At line 46 in file RTE\Device\STM32F446RETx\startup_stm32f446xx.s
   Uses
      At line 451 in file RTE\Device\STM32F446RETx\startup_stm32f446xx.s
      At line 453 in file RTE\Device\STM32F446RETx\startup_stm32f446xx.s

__heap_base 00000000

Symbol: __heap_base
   Definitions
      At line 45 in file RTE\Device\STM32F446RETx\startup_stm32f446xx.s
   Uses
      None
Comment: __heap_base unused
__heap_limit 00000200

Symbol: __heap_limit
   Definitions
      At line 47 in file RTE\Device\STM32F446RETx\startup_stm32f446xx.s
   Uses
      None
Comment: __heap_limit unused
4 symbols



ARM Macro Assembler    Page 1 Alphabetic symbol ordering
Relocatable symbols

RESET 00000000

Symbol: RESET
   Definitions
      At line 54 in file RTE\Device\STM32F446RETx\startup_stm32f446xx.s
   Uses
      None
Comment: RESET unused
__Vectors 00000000

Symbol: __Vectors
   Definitions
      At line 59 in file RTE\Device\STM32F446RETx\startup_stm32f446xx.s
   Uses
      At line 55 in file RTE\Device\STM32F446RETx\startup_stm32f446xx.s
      At line 176 in file RTE\Device\STM32F446RETx\startup_stm32f446xx.s

__Vectors_End 000001C4

Symbol: __Vectors_End
   Definitions
      At line 174 in file RTE\Device\STM32F446RETx\startup_stm32f446xx.s
   Uses
      At line 56 in file RTE\Device\STM32F446RETx\startup_stm32f446xx.s
      At line 176 in file RTE\Device\STM32F446RETx\startup_stm32f446xx.s

3 symbols



ARM Macro Assembler    Page 1 Alphabetic symbol ordering
Relocatable symbols

.text 00000000

Symbol: .text
   Definitions
      At line 178 in file RTE\Device\STM32F446RETx\startup_stm32f446xx.s
   Uses
      None
Comment: .text unused
ADC_IRQHandler 0000002E

Symbol: ADC_IRQHandler
   Definitions
      At line 361 in file RTE\Device\STM32F446RETx\startup_stm32f446xx.s
   Uses
      At line 95 in file RTE\Device\STM32F446RETx\startup_stm32f446xx.s
      At line 272 in file RTE\Device\STM32F446RETx\startup_stm32f446xx.s

BusFault_Handler 00000022

Symbol: BusFault_Handler
   Definitions
      At line 225 in file RTE\Device\STM32F446RETx\startup_stm32f446xx.s
   Uses
      At line 64 in file RTE\Device\STM32F446RETx\startup_stm32f446xx.s
      At line 226 in file RTE\Device\STM32F446RETx\startup_stm32f446xx.s

CAN1_RX0_IRQHandler 0000002E

Symbol: CAN1_RX0_IRQHandler
   Definitions
      At line 363 in file RTE\Device\STM32F446RETx\startup_stm32f446xx.s
   Uses
      At line 97 in file RTE\Device\STM32F446RETx\startup_stm32f446xx.s
      At line 274 in file RTE\Device\STM32F446RETx\startup_stm32f446xx.s

CAN1_RX1_IRQHandler 0000002E

Symbol: CAN1_RX1_IRQHandler
   Definitions
      At line 364 in file RTE\Device\STM32F446RETx\startup_stm32f446xx.s
   Uses
      At line 98 in file RTE\Device\STM32F446RETx\startup_stm32f446xx.s
      At line 275 in file RTE\Device\STM32F446RETx\startup_stm32f446xx.s

CAN1_SCE_IRQHandler 0000002E

Symbol: CAN1_SCE_IRQHandler
   Definitions
      At line 365 in file RTE\Device\STM32F446RETx\startup_stm32f446xx.s
   Uses
      At line 99 in file RTE\Device\STM32F446RETx\startup_stm32f446xx.s
      At line 276 in file RTE\Device\STM32F446RETx\startup_stm32f446xx.s

CAN1_TX_IRQHandler 0000002E

Symbol: CAN1_TX_IRQHandler
   Definitions
      At line 362 in file RTE\Device\STM32F446RETx\startup_stm32f446xx.s
   Uses



ARM Macro Assembler    Page 2 Alphabetic symbol ordering
Relocatable symbols

      At line 96 in file RTE\Device\STM32F446RETx\startup_stm32f446xx.s
      At line 273 in file RTE\Device\STM32F446RETx\startup_stm32f446xx.s

CAN2_RX0_IRQHandler 0000002E

Symbol: CAN2_RX0_IRQHandler
   Definitions
      At line 405 in file RTE\Device\STM32F446RETx\startup_stm32f446xx.s
   Uses
      At line 141 in file RTE\Device\STM32F446RETx\startup_stm32f446xx.s
      At line 316 in file RTE\Device\STM32F446RETx\startup_stm32f446xx.s

CAN2_RX1_IRQHandler 0000002E

Symbol: CAN2_RX1_IRQHandler
   Definitions
      At line 406 in file RTE\Device\STM32F446RETx\startup_stm32f446xx.s
   Uses
      At line 142 in file RTE\Device\STM32F446RETx\startup_stm32f446xx.s
      At line 317 in file RTE\Device\STM32F446RETx\startup_stm32f446xx.s

CAN2_SCE_IRQHandler 0000002E

Symbol: CAN2_SCE_IRQHandler
   Definitions
      At line 407 in file RTE\Device\STM32F446RETx\startup_stm32f446xx.s
   Uses
      At line 143 in file RTE\Device\STM32F446RETx\startup_stm32f446xx.s
      At line 318 in file RTE\Device\STM32F446RETx\startup_stm32f446xx.s

CAN2_TX_IRQHandler 0000002E

Symbol: CAN2_TX_IRQHandler
   Definitions
      At line 404 in file RTE\Device\STM32F446RETx\startup_stm32f446xx.s
   Uses
      At line 140 in file RTE\Device\STM32F446RETx\startup_stm32f446xx.s
      At line 315 in file RTE\Device\STM32F446RETx\startup_stm32f446xx.s

CEC_IRQHandler 0000002E

Symbol: CEC_IRQHandler
   Definitions
      At line 425 in file RTE\Device\STM32F446RETx\startup_stm32f446xx.s
   Uses
      At line 170 in file RTE\Device\STM32F446RETx\startup_stm32f446xx.s
      At line 338 in file RTE\Device\STM32F446RETx\startup_stm32f446xx.s

Copy_RW 0000000A

Symbol: Copy_RW
   Definitions
      At line 198 in file RTE\Device\STM32F446RETx\startup_stm32f446xx.s
   Uses
      At line 201 in file RTE\Device\STM32F446RETx\startup_stm32f446xx.s
Comment: Copy_RW used once
DCMI_IRQHandler 0000002E

Symbol: DCMI_IRQHandler



ARM Macro Assembler    Page 3 Alphabetic symbol ordering
Relocatable symbols

   Definitions
      At line 419 in file RTE\Device\STM32F446RETx\startup_stm32f446xx.s
   Uses
      At line 155 in file RTE\Device\STM32F446RETx\startup_stm32f446xx.s
      At line 330 in file RTE\Device\STM32F446RETx\startup_stm32f446xx.s

DMA1_Stream0_IRQHandler 0000002E

Symbol: DMA1_Stream0_IRQHandler
   Definitions
      At line 354 in file RTE\Device\STM32F446RETx\startup_stm32f446xx.s
   Uses
      At line 88 in file RTE\Device\STM32F446RETx\startup_stm32f446xx.s
      At line 265 in file RTE\Device\STM32F446RETx\startup_stm32f446xx.s

DMA1_Stream1_IRQHandler 0000002E

Symbol: DMA1_Stream1_IRQHandler
   Definitions
      At line 355 in file RTE\Device\STM32F446RETx\startup_stm32f446xx.s
   Uses
      At line 89 in file RTE\Device\STM32F446RETx\startup_stm32f446xx.s
      At line 266 in file RTE\Device\STM32F446RETx\startup_stm32f446xx.s

DMA1_Stream2_IRQHandler 0000002E

Symbol: DMA1_Stream2_IRQHandler
   Definitions
      At line 356 in file RTE\Device\STM32F446RETx\startup_stm32f446xx.s
   Uses
      At line 90 in file RTE\Device\STM32F446RETx\startup_stm32f446xx.s
      At line 267 in file RTE\Device\STM32F446RETx\startup_stm32f446xx.s

DMA1_Stream3_IRQHandler 0000002E

Symbol: DMA1_Stream3_IRQHandler
   Definitions
      At line 357 in file RTE\Device\STM32F446RETx\startup_stm32f446xx.s
   Uses
      At line 91 in file RTE\Device\STM32F446RETx\startup_stm32f446xx.s
      At line 268 in file RTE\Device\STM32F446RETx\startup_stm32f446xx.s

DMA1_Stream4_IRQHandler 0000002E

Symbol: DMA1_Stream4_IRQHandler
   Definitions
      At line 358 in file RTE\Device\STM32F446RETx\startup_stm32f446xx.s
   Uses
      At line 92 in file RTE\Device\STM32F446RETx\startup_stm32f446xx.s
      At line 269 in file RTE\Device\STM32F446RETx\startup_stm32f446xx.s

DMA1_Stream5_IRQHandler 0000002E

Symbol: DMA1_Stream5_IRQHandler
   Definitions
      At line 359 in file RTE\Device\STM32F446RETx\startup_stm32f446xx.s
   Uses
      At line 93 in file RTE\Device\STM32F446RETx\startup_stm32f446xx.s
      At line 270 in file RTE\Device\STM32F446RETx\startup_stm32f446xx.s



ARM Macro Assembler    Page 4 Alphabetic symbol ordering
Relocatable symbols


DMA1_Stream6_IRQHandler 0000002E

Symbol: DMA1_Stream6_IRQHandler
   Definitions
      At line 360 in file RTE\Device\STM32F446RETx\startup_stm32f446xx.s
   Uses
      At line 94 in file RTE\Device\STM32F446RETx\startup_stm32f446xx.s
      At line 271 in file RTE\Device\STM32F446RETx\startup_stm32f446xx.s

DMA1_Stream7_IRQHandler 0000002E

Symbol: DMA1_Stream7_IRQHandler
   Definitions
      At line 390 in file RTE\Device\STM32F446RETx\startup_stm32f446xx.s
   Uses
      At line 124 in file RTE\Device\STM32F446RETx\startup_stm32f446xx.s
      At line 301 in file RTE\Device\STM32F446RETx\startup_stm32f446xx.s

DMA2_Stream0_IRQHandler 0000002E

Symbol: DMA2_Stream0_IRQHandler
   Definitions
      At line 399 in file RTE\Device\STM32F446RETx\startup_stm32f446xx.s
   Uses
      At line 133 in file RTE\Device\STM32F446RETx\startup_stm32f446xx.s
      At line 310 in file RTE\Device\STM32F446RETx\startup_stm32f446xx.s

DMA2_Stream1_IRQHandler 0000002E

Symbol: DMA2_Stream1_IRQHandler
   Definitions
      At line 400 in file RTE\Device\STM32F446RETx\startup_stm32f446xx.s
   Uses
      At line 134 in file RTE\Device\STM32F446RETx\startup_stm32f446xx.s
      At line 311 in file RTE\Device\STM32F446RETx\startup_stm32f446xx.s

DMA2_Stream2_IRQHandler 0000002E

Symbol: DMA2_Stream2_IRQHandler
   Definitions
      At line 401 in file RTE\Device\STM32F446RETx\startup_stm32f446xx.s
   Uses
      At line 135 in file RTE\Device\STM32F446RETx\startup_stm32f446xx.s
      At line 312 in file RTE\Device\STM32F446RETx\startup_stm32f446xx.s

DMA2_Stream3_IRQHandler 0000002E

Symbol: DMA2_Stream3_IRQHandler
   Definitions
      At line 402 in file RTE\Device\STM32F446RETx\startup_stm32f446xx.s
   Uses
      At line 136 in file RTE\Device\STM32F446RETx\startup_stm32f446xx.s
      At line 313 in file RTE\Device\STM32F446RETx\startup_stm32f446xx.s

DMA2_Stream4_IRQHandler 0000002E

Symbol: DMA2_Stream4_IRQHandler
   Definitions



ARM Macro Assembler    Page 5 Alphabetic symbol ordering
Relocatable symbols

      At line 403 in file RTE\Device\STM32F446RETx\startup_stm32f446xx.s
   Uses
      At line 137 in file RTE\Device\STM32F446RETx\startup_stm32f446xx.s
      At line 314 in file RTE\Device\STM32F446RETx\startup_stm32f446xx.s

DMA2_Stream5_IRQHandler 0000002E

Symbol: DMA2_Stream5_IRQHandler
   Definitions
      At line 409 in file RTE\Device\STM32F446RETx\startup_stm32f446xx.s
   Uses
      At line 145 in file RTE\Device\STM32F446RETx\startup_stm32f446xx.s
      At line 320 in file RTE\Device\STM32F446RETx\startup_stm32f446xx.s

DMA2_Stream6_IRQHandler 0000002E

Symbol: DMA2_Stream6_IRQHandler
   Definitions
      At line 410 in file RTE\Device\STM32F446RETx\startup_stm32f446xx.s
   Uses
      At line 146 in file RTE\Device\STM32F446RETx\startup_stm32f446xx.s
      At line 321 in file RTE\Device\STM32F446RETx\startup_stm32f446xx.s

DMA2_Stream7_IRQHandler 0000002E

Symbol: DMA2_Stream7_IRQHandler
   Definitions
      At line 411 in file RTE\Device\STM32F446RETx\startup_stm32f446xx.s
   Uses
      At line 147 in file RTE\Device\STM32F446RETx\startup_stm32f446xx.s
      At line 322 in file RTE\Device\STM32F446RETx\startup_stm32f446xx.s

DebugMon_Handler 00000028

Symbol: DebugMon_Handler
   Definitions
      At line 239 in file RTE\Device\STM32F446RETx\startup_stm32f446xx.s
   Uses
      At line 71 in file RTE\Device\STM32F446RETx\startup_stm32f446xx.s
      At line 240 in file RTE\Device\STM32F446RETx\startup_stm32f446xx.s

Default_Handler 0000002E

Symbol: Default_Handler
   Definitions
      At line 252 in file RTE\Device\STM32F446RETx\startup_stm32f446xx.s
   Uses
      None
Comment: Default_Handler unused
EXTI0_IRQHandler 0000002E

Symbol: EXTI0_IRQHandler
   Definitions
      At line 349 in file RTE\Device\STM32F446RETx\startup_stm32f446xx.s
   Uses
      At line 83 in file RTE\Device\STM32F446RETx\startup_stm32f446xx.s
      At line 260 in file RTE\Device\STM32F446RETx\startup_stm32f446xx.s

EXTI15_10_IRQHandler 0000002E



ARM Macro Assembler    Page 6 Alphabetic symbol ordering
Relocatable symbols


Symbol: EXTI15_10_IRQHandler
   Definitions
      At line 383 in file RTE\Device\STM32F446RETx\startup_stm32f446xx.s
   Uses
      At line 117 in file RTE\Device\STM32F446RETx\startup_stm32f446xx.s
      At line 294 in file RTE\Device\STM32F446RETx\startup_stm32f446xx.s

EXTI1_IRQHandler 0000002E

Symbol: EXTI1_IRQHandler
   Definitions
      At line 350 in file RTE\Device\STM32F446RETx\startup_stm32f446xx.s
   Uses
      At line 84 in file RTE\Device\STM32F446RETx\startup_stm32f446xx.s
      At line 261 in file RTE\Device\STM32F446RETx\startup_stm32f446xx.s

EXTI2_IRQHandler 0000002E

Symbol: EXTI2_IRQHandler
   Definitions
      At line 351 in file RTE\Device\STM32F446RETx\startup_stm32f446xx.s
   Uses
      At line 85 in file RTE\Device\STM32F446RETx\startup_stm32f446xx.s
      At line 262 in file RTE\Device\STM32F446RETx\startup_stm32f446xx.s

EXTI3_IRQHandler 0000002E

Symbol: EXTI3_IRQHandler
   Definitions
      At line 352 in file RTE\Device\STM32F446RETx\startup_stm32f446xx.s
   Uses
      At line 86 in file RTE\Device\STM32F446RETx\startup_stm32f446xx.s
      At line 263 in file RTE\Device\STM32F446RETx\startup_stm32f446xx.s

EXTI4_IRQHandler 0000002E

Symbol: EXTI4_IRQHandler
   Definitions
      At line 353 in file RTE\Device\STM32F446RETx\startup_stm32f446xx.s
   Uses
      At line 87 in file RTE\Device\STM32F446RETx\startup_stm32f446xx.s
      At line 264 in file RTE\Device\STM32F446RETx\startup_stm32f446xx.s

EXTI9_5_IRQHandler 0000002E

Symbol: EXTI9_5_IRQHandler
   Definitions
      At line 366 in file RTE\Device\STM32F446RETx\startup_stm32f446xx.s
   Uses
      At line 100 in file RTE\Device\STM32F446RETx\startup_stm32f446xx.s
      At line 277 in file RTE\Device\STM32F446RETx\startup_stm32f446xx.s

FLASH_IRQHandler 0000002E

Symbol: FLASH_IRQHandler
   Definitions
      At line 347 in file RTE\Device\STM32F446RETx\startup_stm32f446xx.s
   Uses



ARM Macro Assembler    Page 7 Alphabetic symbol ordering
Relocatable symbols

      At line 81 in file RTE\Device\STM32F446RETx\startup_stm32f446xx.s
      At line 258 in file RTE\Device\STM32F446RETx\startup_stm32f446xx.s

FMC_IRQHandler 0000002E

Symbol: FMC_IRQHandler
   Definitions
      At line 391 in file RTE\Device\STM32F446RETx\startup_stm32f446xx.s
   Uses
      At line 125 in file RTE\Device\STM32F446RETx\startup_stm32f446xx.s
      At line 302 in file RTE\Device\STM32F446RETx\startup_stm32f446xx.s

FMPI2C1_ER_IRQHandler 0000002E

Symbol: FMPI2C1_ER_IRQHandler
   Definitions
      At line 428 in file RTE\Device\STM32F446RETx\startup_stm32f446xx.s
   Uses
      At line 173 in file RTE\Device\STM32F446RETx\startup_stm32f446xx.s
      At line 341 in file RTE\Device\STM32F446RETx\startup_stm32f446xx.s

FMPI2C1_EV_IRQHandler 0000002E

Symbol: FMPI2C1_EV_IRQHandler
   Definitions
      At line 427 in file RTE\Device\STM32F446RETx\startup_stm32f446xx.s
   Uses
      At line 172 in file RTE\Device\STM32F446RETx\startup_stm32f446xx.s
      At line 340 in file RTE\Device\STM32F446RETx\startup_stm32f446xx.s

FPU_IRQHandler 0000002E

Symbol: FPU_IRQHandler
   Definitions
      At line 420 in file RTE\Device\STM32F446RETx\startup_stm32f446xx.s
   Uses
      At line 158 in file RTE\Device\STM32F446RETx\startup_stm32f446xx.s
      At line 331 in file RTE\Device\STM32F446RETx\startup_stm32f446xx.s

HardFault_Handler 0000001E

Symbol: HardFault_Handler
   Definitions
      At line 215 in file RTE\Device\STM32F446RETx\startup_stm32f446xx.s
   Uses
      At line 62 in file RTE\Device\STM32F446RETx\startup_stm32f446xx.s
      At line 216 in file RTE\Device\STM32F446RETx\startup_stm32f446xx.s

I2C1_ER_IRQHandler 0000002E

Symbol: I2C1_ER_IRQHandler
   Definitions
      At line 375 in file RTE\Device\STM32F446RETx\startup_stm32f446xx.s
   Uses
      At line 109 in file RTE\Device\STM32F446RETx\startup_stm32f446xx.s
      At line 286 in file RTE\Device\STM32F446RETx\startup_stm32f446xx.s

I2C1_EV_IRQHandler 0000002E




ARM Macro Assembler    Page 8 Alphabetic symbol ordering
Relocatable symbols

Symbol: I2C1_EV_IRQHandler
   Definitions
      At line 374 in file RTE\Device\STM32F446RETx\startup_stm32f446xx.s
   Uses
      At line 108 in file RTE\Device\STM32F446RETx\startup_stm32f446xx.s
      At line 285 in file RTE\Device\STM32F446RETx\startup_stm32f446xx.s

I2C2_ER_IRQHandler 0000002E

Symbol: I2C2_ER_IRQHandler
   Definitions
      At line 377 in file RTE\Device\STM32F446RETx\startup_stm32f446xx.s
   Uses
      At line 111 in file RTE\Device\STM32F446RETx\startup_stm32f446xx.s
      At line 288 in file RTE\Device\STM32F446RETx\startup_stm32f446xx.s

I2C2_EV_IRQHandler 0000002E

Symbol: I2C2_EV_IRQHandler
   Definitions
      At line 376 in file RTE\Device\STM32F446RETx\startup_stm32f446xx.s
   Uses
      At line 110 in file RTE\Device\STM32F446RETx\startup_stm32f446xx.s
      At line 287 in file RTE\Device\STM32F446RETx\startup_stm32f446xx.s

I2C3_ER_IRQHandler 0000002E

Symbol: I2C3_ER_IRQHandler
   Definitions
      At line 414 in file RTE\Device\STM32F446RETx\startup_stm32f446xx.s
   Uses
      At line 150 in file RTE\Device\STM32F446RETx\startup_stm32f446xx.s
      At line 325 in file RTE\Device\STM32F446RETx\startup_stm32f446xx.s

I2C3_EV_IRQHandler 0000002E

Symbol: I2C3_EV_IRQHandler
   Definitions
      At line 413 in file RTE\Device\STM32F446RETx\startup_stm32f446xx.s
   Uses
      At line 149 in file RTE\Device\STM32F446RETx\startup_stm32f446xx.s
      At line 324 in file RTE\Device\STM32F446RETx\startup_stm32f446xx.s

MemManage_Handler 00000020

Symbol: MemManage_Handler
   Definitions
      At line 220 in file RTE\Device\STM32F446RETx\startup_stm32f446xx.s
   Uses
      At line 63 in file RTE\Device\STM32F446RETx\startup_stm32f446xx.s
      At line 221 in file RTE\Device\STM32F446RETx\startup_stm32f446xx.s

NMI_Handler 0000001C

Symbol: NMI_Handler
   Definitions
      At line 210 in file RTE\Device\STM32F446RETx\startup_stm32f446xx.s
   Uses
      At line 61 in file RTE\Device\STM32F446RETx\startup_stm32f446xx.s



ARM Macro Assembler    Page 9 Alphabetic symbol ordering
Relocatable symbols

      At line 211 in file RTE\Device\STM32F446RETx\startup_stm32f446xx.s

OTG_FS_IRQHandler 0000002E

Symbol: OTG_FS_IRQHandler
   Definitions
      At line 408 in file RTE\Device\STM32F446RETx\startup_stm32f446xx.s
   Uses
      At line 144 in file RTE\Device\STM32F446RETx\startup_stm32f446xx.s
      At line 319 in file RTE\Device\STM32F446RETx\startup_stm32f446xx.s

OTG_FS_WKUP_IRQHandler 0000002E

Symbol: OTG_FS_WKUP_IRQHandler
   Definitions
      At line 385 in file RTE\Device\STM32F446RETx\startup_stm32f446xx.s
   Uses
      At line 119 in file RTE\Device\STM32F446RETx\startup_stm32f446xx.s
      At line 296 in file RTE\Device\STM32F446RETx\startup_stm32f446xx.s

OTG_HS_EP1_IN_IRQHandler 0000002E

Symbol: OTG_HS_EP1_IN_IRQHandler
   Definitions
      At line 416 in file RTE\Device\STM32F446RETx\startup_stm32f446xx.s
   Uses
      At line 152 in file RTE\Device\STM32F446RETx\startup_stm32f446xx.s
      At line 327 in file RTE\Device\STM32F446RETx\startup_stm32f446xx.s

OTG_HS_EP1_OUT_IRQHandler 0000002E

Symbol: OTG_HS_EP1_OUT_IRQHandler
   Definitions
      At line 415 in file RTE\Device\STM32F446RETx\startup_stm32f446xx.s
   Uses
      At line 151 in file RTE\Device\STM32F446RETx\startup_stm32f446xx.s
      At line 326 in file RTE\Device\STM32F446RETx\startup_stm32f446xx.s

OTG_HS_IRQHandler 0000002E

Symbol: OTG_HS_IRQHandler
   Definitions
      At line 418 in file RTE\Device\STM32F446RETx\startup_stm32f446xx.s
   Uses
      At line 154 in file RTE\Device\STM32F446RETx\startup_stm32f446xx.s
      At line 329 in file RTE\Device\STM32F446RETx\startup_stm32f446xx.s

OTG_HS_WKUP_IRQHandler 0000002E

Symbol: OTG_HS_WKUP_IRQHandler
   Definitions
      At line 417 in file RTE\Device\STM32F446RETx\startup_stm32f446xx.s
   Uses
      At line 153 in file RTE\Device\STM32F446RETx\startup_stm32f446xx.s
      At line 328 in file RTE\Device\STM32F446RETx\startup_stm32f446xx.s

PVD_IRQHandler 0000002E

Symbol: PVD_IRQHandler



ARM Macro Assembler    Page 10 Alphabetic symbol ordering
Relocatable symbols

   Definitions
      At line 344 in file RTE\Device\STM32F446RETx\startup_stm32f446xx.s
   Uses
      At line 78 in file RTE\Device\STM32F446RETx\startup_stm32f446xx.s
      At line 255 in file RTE\Device\STM32F446RETx\startup_stm32f446xx.s

PendSV_Handler 0000002A

Symbol: PendSV_Handler
   Definitions
      At line 243 in file RTE\Device\STM32F446RETx\startup_stm32f446xx.s
   Uses
      At line 73 in file RTE\Device\STM32F446RETx\startup_stm32f446xx.s
      At line 244 in file RTE\Device\STM32F446RETx\startup_stm32f446xx.s

QUADSPI_IRQHandler 0000002E

Symbol: QUADSPI_IRQHandler
   Definitions
      At line 424 in file RTE\Device\STM32F446RETx\startup_stm32f446xx.s
   Uses
      At line 169 in file RTE\Device\STM32F446RETx\startup_stm32f446xx.s
      At line 337 in file RTE\Device\STM32F446RETx\startup_stm32f446xx.s

RCC_IRQHandler 0000002E

Symbol: RCC_IRQHandler
   Definitions
      At line 348 in file RTE\Device\STM32F446RETx\startup_stm32f446xx.s
   Uses
      At line 82 in file RTE\Device\STM32F446RETx\startup_stm32f446xx.s
      At line 259 in file RTE\Device\STM32F446RETx\startup_stm32f446xx.s

RTC_Alarm_IRQHandler 0000002E

Symbol: RTC_Alarm_IRQHandler
   Definitions
      At line 384 in file RTE\Device\STM32F446RETx\startup_stm32f446xx.s
   Uses
      At line 118 in file RTE\Device\STM32F446RETx\startup_stm32f446xx.s
      At line 295 in file RTE\Device\STM32F446RETx\startup_stm32f446xx.s

RTC_WKUP_IRQHandler 0000002E

Symbol: RTC_WKUP_IRQHandler
   Definitions
      At line 346 in file RTE\Device\STM32F446RETx\startup_stm32f446xx.s
   Uses
      At line 80 in file RTE\Device\STM32F446RETx\startup_stm32f446xx.s
      At line 257 in file RTE\Device\STM32F446RETx\startup_stm32f446xx.s

Reset_Handler 00000000

Symbol: Reset_Handler
   Definitions
      At line 181 in file RTE\Device\STM32F446RETx\startup_stm32f446xx.s
   Uses
      At line 60 in file RTE\Device\STM32F446RETx\startup_stm32f446xx.s
      At line 182 in file RTE\Device\STM32F446RETx\startup_stm32f446xx.s



ARM Macro Assembler    Page 11 Alphabetic symbol ordering
Relocatable symbols


SAI1_IRQHandler 0000002E

Symbol: SAI1_IRQHandler
   Definitions
      At line 422 in file RTE\Device\STM32F446RETx\startup_stm32f446xx.s
   Uses
      At line 164 in file RTE\Device\STM32F446RETx\startup_stm32f446xx.s
      At line 333 in file RTE\Device\STM32F446RETx\startup_stm32f446xx.s
      At line 335 in file RTE\Device\STM32F446RETx\startup_stm32f446xx.s

SAI2_IRQHandler 0000002E

Symbol: SAI2_IRQHandler
   Definitions
      At line 423 in file RTE\Device\STM32F446RETx\startup_stm32f446xx.s
   Uses
      At line 168 in file RTE\Device\STM32F446RETx\startup_stm32f446xx.s
      At line 336 in file RTE\Device\STM32F446RETx\startup_stm32f446xx.s

SDIO_IRQHandler 0000002E

Symbol: SDIO_IRQHandler
   Definitions
      At line 392 in file RTE\Device\STM32F446RETx\startup_stm32f446xx.s
   Uses
      At line 126 in file RTE\Device\STM32F446RETx\startup_stm32f446xx.s
      At line 303 in file RTE\Device\STM32F446RETx\startup_stm32f446xx.s

SPDIF_RX_IRQHandler 0000002E

Symbol: SPDIF_RX_IRQHandler
   Definitions
      At line 426 in file RTE\Device\STM32F446RETx\startup_stm32f446xx.s
   Uses
      At line 171 in file RTE\Device\STM32F446RETx\startup_stm32f446xx.s
      At line 339 in file RTE\Device\STM32F446RETx\startup_stm32f446xx.s

SPI1_IRQHandler 0000002E

Symbol: SPI1_IRQHandler
   Definitions
      At line 378 in file RTE\Device\STM32F446RETx\startup_stm32f446xx.s
   Uses
      At line 112 in file RTE\Device\STM32F446RETx\startup_stm32f446xx.s
      At line 289 in file RTE\Device\STM32F446RETx\startup_stm32f446xx.s

SPI2_IRQHandler 0000002E

Symbol: SPI2_IRQHandler
   Definitions
      At line 379 in file RTE\Device\STM32F446RETx\startup_stm32f446xx.s
   Uses
      At line 113 in file RTE\Device\STM32F446RETx\startup_stm32f446xx.s
      At line 290 in file RTE\Device\STM32F446RETx\startup_stm32f446xx.s

SPI3_IRQHandler 0000002E

Symbol: SPI3_IRQHandler



ARM Macro Assembler    Page 12 Alphabetic symbol ordering
Relocatable symbols

   Definitions
      At line 394 in file RTE\Device\STM32F446RETx\startup_stm32f446xx.s
   Uses
      At line 128 in file RTE\Device\STM32F446RETx\startup_stm32f446xx.s
      At line 305 in file RTE\Device\STM32F446RETx\startup_stm32f446xx.s

SPI4_IRQHandler 0000002E

Symbol: SPI4_IRQHandler
   Definitions
      At line 421 in file RTE\Device\STM32F446RETx\startup_stm32f446xx.s
   Uses
      At line 161 in file RTE\Device\STM32F446RETx\startup_stm32f446xx.s
      At line 332 in file RTE\Device\STM32F446RETx\startup_stm32f446xx.s
      At line 334 in file RTE\Device\STM32F446RETx\startup_stm32f446xx.s

SVC_Handler 00000026

Symbol: SVC_Handler
   Definitions
      At line 234 in file RTE\Device\STM32F446RETx\startup_stm32f446xx.s
   Uses
      At line 70 in file RTE\Device\STM32F446RETx\startup_stm32f446xx.s
      At line 235 in file RTE\Device\STM32F446RETx\startup_stm32f446xx.s

SysTick_Handler 0000002C

Symbol: SysTick_Handler
   Definitions
      At line 247 in file RTE\Device\STM32F446RETx\startup_stm32f446xx.s
   Uses
      At line 74 in file RTE\Device\STM32F446RETx\startup_stm32f446xx.s
      At line 248 in file RTE\Device\STM32F446RETx\startup_stm32f446xx.s

TAMP_STAMP_IRQHandler 0000002E

Symbol: TAMP_STAMP_IRQHandler
   Definitions
      At line 345 in file RTE\Device\STM32F446RETx\startup_stm32f446xx.s
   Uses
      At line 79 in file RTE\Device\STM32F446RETx\startup_stm32f446xx.s
      At line 256 in file RTE\Device\STM32F446RETx\startup_stm32f446xx.s

TIM1_BRK_TIM9_IRQHandler 0000002E

Symbol: TIM1_BRK_TIM9_IRQHandler
   Definitions
      At line 367 in file RTE\Device\STM32F446RETx\startup_stm32f446xx.s
   Uses
      At line 101 in file RTE\Device\STM32F446RETx\startup_stm32f446xx.s
      At line 278 in file RTE\Device\STM32F446RETx\startup_stm32f446xx.s

TIM1_CC_IRQHandler 0000002E

Symbol: TIM1_CC_IRQHandler
   Definitions
      At line 370 in file RTE\Device\STM32F446RETx\startup_stm32f446xx.s
   Uses
      At line 104 in file RTE\Device\STM32F446RETx\startup_stm32f446xx.s



ARM Macro Assembler    Page 13 Alphabetic symbol ordering
Relocatable symbols

      At line 281 in file RTE\Device\STM32F446RETx\startup_stm32f446xx.s

TIM1_TRG_COM_TIM11_IRQHandler 0000002E

Symbol: TIM1_TRG_COM_TIM11_IRQHandler
   Definitions
      At line 369 in file RTE\Device\STM32F446RETx\startup_stm32f446xx.s
   Uses
      At line 103 in file RTE\Device\STM32F446RETx\startup_stm32f446xx.s
      At line 280 in file RTE\Device\STM32F446RETx\startup_stm32f446xx.s

TIM1_UP_TIM10_IRQHandler 0000002E

Symbol: TIM1_UP_TIM10_IRQHandler
   Definitions
      At line 368 in file RTE\Device\STM32F446RETx\startup_stm32f446xx.s
   Uses
      At line 102 in file RTE\Device\STM32F446RETx\startup_stm32f446xx.s
      At line 279 in file RTE\Device\STM32F446RETx\startup_stm32f446xx.s

TIM2_IRQHandler 0000002E

Symbol: TIM2_IRQHandler
   Definitions
      At line 371 in file RTE\Device\STM32F446RETx\startup_stm32f446xx.s
   Uses
      At line 105 in file RTE\Device\STM32F446RETx\startup_stm32f446xx.s
      At line 282 in file RTE\Device\STM32F446RETx\startup_stm32f446xx.s

TIM3_IRQHandler 0000002E

Symbol: TIM3_IRQHandler
   Definitions
      At line 372 in file RTE\Device\STM32F446RETx\startup_stm32f446xx.s
   Uses
      At line 106 in file RTE\Device\STM32F446RETx\startup_stm32f446xx.s
      At line 283 in file RTE\Device\STM32F446RETx\startup_stm32f446xx.s

TIM4_IRQHandler 0000002E

Symbol: TIM4_IRQHandler
   Definitions
      At line 373 in file RTE\Device\STM32F446RETx\startup_stm32f446xx.s
   Uses
      At line 107 in file RTE\Device\STM32F446RETx\startup_stm32f446xx.s
      At line 284 in file RTE\Device\STM32F446RETx\startup_stm32f446xx.s

TIM5_IRQHandler 0000002E

Symbol: TIM5_IRQHandler
   Definitions
      At line 393 in file RTE\Device\STM32F446RETx\startup_stm32f446xx.s
   Uses
      At line 127 in file RTE\Device\STM32F446RETx\startup_stm32f446xx.s
      At line 304 in file RTE\Device\STM32F446RETx\startup_stm32f446xx.s

TIM6_DAC_IRQHandler 0000002E

Symbol: TIM6_DAC_IRQHandler



ARM Macro Assembler    Page 14 Alphabetic symbol ordering
Relocatable symbols

   Definitions
      At line 397 in file RTE\Device\STM32F446RETx\startup_stm32f446xx.s
   Uses
      At line 131 in file RTE\Device\STM32F446RETx\startup_stm32f446xx.s
      At line 308 in file RTE\Device\STM32F446RETx\startup_stm32f446xx.s

TIM7_IRQHandler 0000002E

Symbol: TIM7_IRQHandler
   Definitions
      At line 398 in file RTE\Device\STM32F446RETx\startup_stm32f446xx.s
   Uses
      At line 132 in file RTE\Device\STM32F446RETx\startup_stm32f446xx.s
      At line 309 in file RTE\Device\STM32F446RETx\startup_stm32f446xx.s

TIM8_BRK_TIM12_IRQHandler 0000002E

Symbol: TIM8_BRK_TIM12_IRQHandler
   Definitions
      At line 386 in file RTE\Device\STM32F446RETx\startup_stm32f446xx.s
   Uses
      At line 120 in file RTE\Device\STM32F446RETx\startup_stm32f446xx.s
      At line 297 in file RTE\Device\STM32F446RETx\startup_stm32f446xx.s

TIM8_CC_IRQHandler 0000002E

Symbol: TIM8_CC_IRQHandler
   Definitions
      At line 389 in file RTE\Device\STM32F446RETx\startup_stm32f446xx.s
   Uses
      At line 123 in file RTE\Device\STM32F446RETx\startup_stm32f446xx.s
      At line 300 in file RTE\Device\STM32F446RETx\startup_stm32f446xx.s

TIM8_TRG_COM_TIM14_IRQHandler 0000002E

Symbol: TIM8_TRG_COM_TIM14_IRQHandler
   Definitions
      At line 388 in file RTE\Device\STM32F446RETx\startup_stm32f446xx.s
   Uses
      At line 122 in file RTE\Device\STM32F446RETx\startup_stm32f446xx.s
      At line 299 in file RTE\Device\STM32F446RETx\startup_stm32f446xx.s

TIM8_UP_TIM13_IRQHandler 0000002E

Symbol: TIM8_UP_TIM13_IRQHandler
   Definitions
      At line 387 in file RTE\Device\STM32F446RETx\startup_stm32f446xx.s
   Uses
      At line 121 in file RTE\Device\STM32F446RETx\startup_stm32f446xx.s
      At line 298 in file RTE\Device\STM32F446RETx\startup_stm32f446xx.s

UART4_IRQHandler 0000002E

Symbol: UART4_IRQHandler
   Definitions
      At line 395 in file RTE\Device\STM32F446RETx\startup_stm32f446xx.s
   Uses
      At line 129 in file RTE\Device\STM32F446RETx\startup_stm32f446xx.s
      At line 306 in file RTE\Device\STM32F446RETx\startup_stm32f446xx.s



ARM Macro Assembler    Page 15 Alphabetic symbol ordering
Relocatable symbols


UART5_IRQHandler 0000002E

Symbol: UART5_IRQHandler
   Definitions
      At line 396 in file RTE\Device\STM32F446RETx\startup_stm32f446xx.s
   Uses
      At line 130 in file RTE\Device\STM32F446RETx\startup_stm32f446xx.s
      At line 307 in file RTE\Device\STM32F446RETx\startup_stm32f446xx.s

USART1_IRQHandler 0000002E

Symbol: USART1_IRQHandler
   Definitions
      At line 380 in file RTE\Device\STM32F446RETx\startup_stm32f446xx.s
   Uses
      At line 114 in file RTE\Device\STM32F446RETx\startup_stm32f446xx.s
      At line 291 in file RTE\Device\STM32F446RETx\startup_stm32f446xx.s

USART2_IRQHandler 0000002E

Symbol: USART2_IRQHandler
   Definitions
      At line 381 in file RTE\Device\STM32F446RETx\startup_stm32f446xx.s
   Uses
      At line 115 in file RTE\Device\STM32F446RETx\startup_stm32f446xx.s
      At line 292 in file RTE\Device\STM32F446RETx\startup_stm32f446xx.s

USART3_IRQHandler 0000002E

Symbol: USART3_IRQHandler
   Definitions
      At line 382 in file RTE\Device\STM32F446RETx\startup_stm32f446xx.s
   Uses
      At line 116 in file RTE\Device\STM32F446RETx\startup_stm32f446xx.s
      At line 293 in file RTE\Device\STM32F446RETx\startup_stm32f446xx.s

USART6_IRQHandler 0000002E

Symbol: USART6_IRQHandler
   Definitions
      At line 412 in file RTE\Device\STM32F446RETx\startup_stm32f446xx.s
   Uses
      At line 148 in file RTE\Device\STM32F446RETx\startup_stm32f446xx.s
      At line 323 in file RTE\Device\STM32F446RETx\startup_stm32f446xx.s

UsageFault_Handler 00000024

Symbol: UsageFault_Handler
   Definitions
      At line 230 in file RTE\Device\STM32F446RETx\startup_stm32f446xx.s
   Uses
      At line 65 in file RTE\Device\STM32F446RETx\startup_stm32f446xx.s
      At line 231 in file RTE\Device\STM32F446RETx\startup_stm32f446xx.s

WWDG_IRQHandler 0000002E

Symbol: WWDG_IRQHandler
   Definitions



ARM Macro Assembler    Page 16 Alphabetic symbol ordering
Relocatable symbols

      At line 343 in file RTE\Device\STM32F446RETx\startup_stm32f446xx.s
   Uses
      At line 77 in file RTE\Device\STM32F446RETx\startup_stm32f446xx.s
      At line 254 in file RTE\Device\STM32F446RETx\startup_stm32f446xx.s

__user_initial_stackheap 00000030

Symbol: __user_initial_stackheap
   Definitions
      At line 449 in file RTE\Device\STM32F446RETx\startup_stm32f446xx.s
   Uses
      At line 447 in file RTE\Device\STM32F446RETx\startup_stm32f446xx.s
Comment: __user_initial_stackheap used once
100 symbols



ARM Macro Assembler    Page 1 Alphabetic symbol ordering
Absolute symbols

Heap_Size 00000200

Symbol: Heap_Size
   Definitions
      At line 42 in file RTE\Device\STM32F446RETx\startup_stm32f446xx.s
   Uses
      At line 46 in file RTE\Device\STM32F446RETx\startup_stm32f446xx.s
      At line 453 in file RTE\Device\STM32F446RETx\startup_stm32f446xx.s

Stack_Size 00000400

Symbol: Stack_Size
   Definitions
      At line 31 in file RTE\Device\STM32F446RETx\startup_stm32f446xx.s
   Uses
      At line 34 in file RTE\Device\STM32F446RETx\startup_stm32f446xx.s
      At line 452 in file RTE\Device\STM32F446RETx\startup_stm32f446xx.s

__Vectors_Size 000001C4

Symbol: __Vectors_Size
   Definitions
      At line 176 in file RTE\Device\STM32F446RETx\startup_stm32f446xx.s
   Uses
      At line 57 in file RTE\Device\STM32F446RETx\startup_stm32f446xx.s
Comment: __Vectors_Size used once
3 symbols



ARM Macro Assembler    Page 1 Alphabetic symbol ordering
External symbols

Image$$ER_IROM1$$RO$$Limit 00000000

Symbol: Image$$ER_IROM1$$RO$$Limit
   Definitions
      At line 190 in file RTE\Device\STM32F446RETx\startup_stm32f446xx.s
   Uses
      At line 194 in file RTE\Device\STM32F446RETx\startup_stm32f446xx.s
Comment: Image$$ER_IROM1$$RO$$Limit used once
Image$$RW_IRAM1$$Base 00000000

Symbol: Image$$RW_IRAM1$$Base
   Definitions
      At line 191 in file RTE\Device\STM32F446RETx\startup_stm32f446xx.s
   Uses
      At line 195 in file RTE\Device\STM32F446RETx\startup_stm32f446xx.s
Comment: Image$$RW_IRAM1$$Base used once
Image$$RW_IRAM1$$ZI$$Base 00000000

Symbol: Image$$RW_IRAM1$$ZI$$Base
   Definitions
      At line 192 in file RTE\Device\STM32F446RETx\startup_stm32f446xx.s
   Uses
      At line 196 in file RTE\Device\STM32F446RETx\startup_stm32f446xx.s
Comment: Image$$RW_IRAM1$$ZI$$Base used once
SystemInit 00000000

Symbol: SystemInit
   Definitions
      At line 183 in file RTE\Device\STM32F446RETx\startup_stm32f446xx.s
   Uses
      At line 186 in file RTE\Device\STM32F446RETx\startup_stm32f446xx.s
Comment: SystemInit used once
__main 00000000

Symbol: __main
   Definitions
      At line 184 in file RTE\Device\STM32F446RETx\startup_stm32f446xx.s
   Uses
      At line 204 in file RTE\Device\STM32F446RETx\startup_stm32f446xx.s
Comment: __main used once
__use_two_region_memory 00000000

Symbol: __use_two_region_memory
   Definitions
      At line 446 in file RTE\Device\STM32F446RETx\startup_stm32f446xx.s
   Uses
      None
Comment: __use_two_region_memory unused
6 symbols
458 symbols in table
