


ARM Macro Assembler    Page 1 


    1 00000000         ; A string is palindrome if the string is read the same 
                       forward and backward.
    2 00000000         
    3 00000000                 AREA             myData, DATA, READWRITE
    4 00000000                 ALIGN            1
    5 00000000 72 61 74 
              73 20 6C 
              69 76 65 
              20 6F 6E 
              20 6E 6F 
              20 65 76 
              69 6C 20 
              73 74 61 
              72 00    str     DCB              "rats live on no evil star", 0
    6 0000001A         
    7 0000001A                 AREA             myCode, CODE, READONLY
    8 00000000                 EXPORT           __main
    9 00000000                 ENTRY
   10 00000000         __main  PROC
   11 00000000         
   12 00000000 4E0C            LDR              R6, =str
   13 00000002 4635            MOV              R5, R6
   14 00000004         
   15 00000004         ; find the string length
   16 00000004 F04F 0200       MOV              R2, #0      ; R1 beginning of t
                                                            he string
   17 00000008 F815 4B01 
                       strlen  LDRB             R4, [R5], #1
   18 0000000C 2C00            CMP              R4, #0
   19 0000000E BF18 1C52       ADDNE            R2, R2, #1  ; R2 end of the str
                                                            ing
   20 00000012 D1F9            BNE              strlen
   21 00000014         
   22 00000014 F1A2 0201       SUB              R2, R2, #1  ; truncate the null
                                                             terminator
   23 00000018 4432            ADD              R2, R6, R2
   24 0000001A         
   25 0000001A         ; check palindrome
   26 0000001A F816 3B01 
                       cmpStr  LDRB             R3, [R6], #1 ; start of string
   27 0000001E F812 4901       LDRB             R4, [R2], #-1 ; end of string
   28 00000022 42A3            CMP              R3, R4
   29 00000024 BF18 2000       MOVNE            R0, #0      ; not palindrome
   30 00000028 D103            BNE              stop
   31 0000002A 4296            CMP              R6, R2      ; R6 == R2 before t
                                                            he last(or middle) 
                                                            is executed
   32 0000002C DBF5            BLT              cmpStr      ; because post-inde
                                                            x is used
   33 0000002E         
   34 0000002E F04F 0001       MOV              R0, #1      ; palindrome
   35 00000032         
   36 00000032 E7FE    stop    B                stop
   37 00000034                 ALIGN
   38 00000034                 ENDP
   39 00000034                 END
              00000000 
Command Line: --debug --xref --diag_suppress=9931 --cpu=Cortex-M4.fp.sp --apcs=
interwork --depend=.\objects\main.d -o.\objects\main.o -I.\RTE\_Target_1 -IC:\U



ARM Macro Assembler    Page 2 


sers\Suangpi\AppData\Local\Arm\Packs\ARM\CMSIS\5.8.0\CMSIS\Core\Include -IC:\Us
ers\Suangpi\AppData\Local\Arm\Packs\Keil\STM32F4xx_DFP\2.15.0\Drivers\CMSIS\Dev
ice\ST\STM32F4xx\Include --predefine="__EVAL SETA 1" --predefine="__UVISION_VER
SION SETA 535" --predefine="_RTE_ SETA 1" --predefine="STM32F446xx SETA 1" --pr
edefine="_RTE_ SETA 1" --list=.\listings\main.lst main.s



ARM Macro Assembler    Page 1 Alphabetic symbol ordering
Relocatable symbols

myData 00000000

Symbol: myData
   Definitions
      At line 3 in file main.s
   Uses
      None
Comment: myData unused
str 00000000

Symbol: str
   Definitions
      At line 5 in file main.s
   Uses
      At line 12 in file main.s
Comment: str used once
2 symbols



ARM Macro Assembler    Page 1 Alphabetic symbol ordering
Relocatable symbols

__main 00000000

Symbol: __main
   Definitions
      At line 10 in file main.s
   Uses
      At line 8 in file main.s
Comment: __main used once
cmpStr 0000001A

Symbol: cmpStr
   Definitions
      At line 26 in file main.s
   Uses
      At line 32 in file main.s
Comment: cmpStr used once
myCode 00000000

Symbol: myCode
   Definitions
      At line 7 in file main.s
   Uses
      None
Comment: myCode unused
stop 00000032

Symbol: stop
   Definitions
      At line 36 in file main.s
   Uses
      At line 30 in file main.s
      At line 36 in file main.s

strlen 00000008

Symbol: strlen
   Definitions
      At line 17 in file main.s
   Uses
      At line 20 in file main.s
Comment: strlen used once
5 symbols
344 symbols in table
