


ARM Macro Assembler    Page 1 


    1 00000000                 AREA             myData, DATA, READONLY
    2 00000000                 ALIGN
    3 00000000 00 00 00 
              00       s       SPACE            4
    4 00000004 00000001 
                       a       DCD              1
    5 00000008 00000002 
                       b       DCD              2
    6 0000000C 00000000 
                       c       DCD              0
    7 00000010         
    8 00000010                 AREA             myCode, CODE
    9 00000000                 EXPORT           __main
   10 00000000                 ALIGN
   11 00000000                 ENTRY
   12 00000000         __main  PROC
   13 00000000 4903            LDR              R1, =a
   14 00000002 680A            LDR              R2, [R1]
   15 00000004 4B03            LDR              R3, =b
   16 00000006 681C            LDR              R4, [R3]
   17 00000008 1915            ADDS             R5, R2, R4
   18 0000000A 4E03            LDR              R6, =c
   19 0000000C 6035            STR              R5, [R6]
   20 0000000E E7FE    stop    B                stop
   21 00000010                 ENDP
   22 00000010                 END
              00000000 
              00000000 
              00000000 
Command Line: --debug --xref --diag_suppress=9931 --cpu=Cortex-M4.fp.sp --apcs=
interwork --depend=.\objects\main.d -o.\objects\main.o -I.\RTE\_Target_1 -IC:\U
sers\Suangpi\AppData\Local\Arm\Packs\ARM\CMSIS\5.8.0\CMSIS\Core\Include -IC:\Us
ers\Suangpi\AppData\Local\Arm\Packs\Keil\STM32F4xx_DFP\2.15.0\Drivers\CMSIS\Dev
ice\ST\STM32F4xx\Include --predefine="__EVAL SETA 1" --predefine="__UVISION_VER
SION SETA 535" --predefine="_RTE_ SETA 1" --predefine="STM32F446xx SETA 1" --pr
edefine="_RTE_ SETA 1" --list=.\listings\main.lst main.s



ARM Macro Assembler    Page 1 Alphabetic symbol ordering
Relocatable symbols

a 00000004

Symbol: a
   Definitions
      At line 4 in file main.s
   Uses
      At line 13 in file main.s
Comment: a used once
b 00000008

Symbol: b
   Definitions
      At line 5 in file main.s
   Uses
      At line 15 in file main.s
Comment: b used once
c 0000000C

Symbol: c
   Definitions
      At line 6 in file main.s
   Uses
      At line 18 in file main.s
Comment: c used once
myData 00000000

Symbol: myData
   Definitions
      At line 1 in file main.s
   Uses
      None
Comment: myData unused
s 00000000

Symbol: s
   Definitions
      At line 3 in file main.s
   Uses
      None
Comment: s unused
5 symbols



ARM Macro Assembler    Page 1 Alphabetic symbol ordering
Relocatable symbols

__main 00000000

Symbol: __main
   Definitions
      At line 12 in file main.s
   Uses
      At line 9 in file main.s
Comment: __main used once
myCode 00000000

Symbol: myCode
   Definitions
      At line 8 in file main.s
   Uses
      None
Comment: myCode unused
stop 0000000E

Symbol: stop
   Definitions
      At line 20 in file main.s
   Uses
      At line 20 in file main.s
Comment: stop used once
3 symbols
345 symbols in table
